[2025-12-10 17:55:40,816 : INFO : main : #### Starting Data Ingestion ####]
[2025-12-10 17:55:40,818 : INFO : common : yaml file: config\config.yaml loaded successfully]
[2025-12-10 17:55:40,819 : INFO : common : yaml file: schema.yaml loaded successfully]
[2025-12-10 17:55:40,819 : INFO : common : created directory at: artifacts]
[2025-12-10 17:55:40,819 : INFO : common : created directory at: artifacts/data_ingestion]
[2025-12-10 17:55:40,819 : INFO : data_ingestion : Downloading data from https://drive.google.com/file/d/1_OU_E76YpZQGGZpLhQmT8qoqksDNn14p/view?usp=drive_link into file artifacts\data_ingestion\data.zip]
[2025-12-10 17:55:44,053 : INFO : data_ingestion : Downloaded data from https://drive.google.com/file/d/1_OU_E76YpZQGGZpLhQmT8qoqksDNn14p/view?usp=drive_link into file artifacts\data_ingestion\data.zip]
[2025-12-10 17:55:44,059 : INFO : main : #### completed Data Ingestion stage ####]
[2025-12-10 17:55:44,067 : INFO : main : #### Starting Data validation ####]
[2025-12-10 17:55:44,069 : INFO : common : yaml file: config\config.yaml loaded successfully]
[2025-12-10 17:55:44,071 : INFO : common : yaml file: schema.yaml loaded successfully]
[2025-12-10 17:55:44,076 : INFO : common : created directory at: artifacts]
[2025-12-10 17:55:44,078 : INFO : common : created directory at: artifacts/data_validation]
[2025-12-10 17:55:44,101 : INFO : data_validation : validation completed]
[2025-12-10 17:55:44,101 : INFO : main : #### completed Data validation stage ####]
[2025-12-10 20:51:02,089 : INFO : main : #### Starting Data Ingestion ####]
[2025-12-10 20:51:02,089 : INFO : common : yaml file: config\config.yaml loaded successfully]
[2025-12-10 20:51:02,089 : INFO : common : yaml file: schema.yaml loaded successfully]
[2025-12-10 20:51:02,089 : INFO : common : created directory at: artifacts]
[2025-12-10 20:51:02,095 : INFO : common : created directory at: artifacts/data_ingestion]
[2025-12-10 20:51:02,095 : INFO : data_ingestion : Downloading data from https://drive.google.com/file/d/1_OU_E76YpZQGGZpLhQmT8qoqksDNn14p/view?usp=drive_link into file artifacts\data_ingestion\data.zip]
[2025-12-10 20:51:05,674 : INFO : data_ingestion : Downloaded data from https://drive.google.com/file/d/1_OU_E76YpZQGGZpLhQmT8qoqksDNn14p/view?usp=drive_link into file artifacts\data_ingestion\data.zip]
[2025-12-10 20:51:05,682 : INFO : main : #### completed Data Ingestion stage ####]
[2025-12-10 20:51:05,684 : INFO : main : #### Starting Data validation ####]
[2025-12-10 20:51:05,690 : INFO : common : yaml file: config\config.yaml loaded successfully]
[2025-12-10 20:51:05,693 : INFO : common : yaml file: schema.yaml loaded successfully]
[2025-12-10 20:51:05,696 : INFO : common : created directory at: artifacts]
[2025-12-10 20:51:05,696 : INFO : common : created directory at: artifacts/data_validation]
[2025-12-10 20:51:05,720 : INFO : data_validation : validation completed]
[2025-12-10 20:51:05,720 : INFO : main : #### completed Data validation stage ####]
[2025-12-10 20:52:07,738 : INFO : main : #### Starting Data Ingestion ####]
[2025-12-10 20:52:07,740 : INFO : common : yaml file: config\config.yaml loaded successfully]
[2025-12-10 20:52:07,740 : INFO : common : yaml file: schema.yaml loaded successfully]
[2025-12-10 20:52:07,740 : INFO : common : created directory at: artifacts]
[2025-12-10 20:52:07,740 : INFO : common : created directory at: artifacts/data_ingestion]
[2025-12-10 20:52:07,745 : INFO : data_ingestion : Downloading data from https://drive.google.com/file/d/1_OU_E76YpZQGGZpLhQmT8qoqksDNn14p/view?usp=drive_link into file artifacts\data_ingestion\data.zip]
[2025-12-10 20:52:11,126 : INFO : data_ingestion : Downloaded data from https://drive.google.com/file/d/1_OU_E76YpZQGGZpLhQmT8qoqksDNn14p/view?usp=drive_link into file artifacts\data_ingestion\data.zip]
[2025-12-10 20:52:11,133 : INFO : main : #### completed Data Ingestion stage ####]
[2025-12-10 20:52:11,133 : INFO : main : #### Starting Data validation ####]
[2025-12-10 20:52:11,134 : INFO : common : yaml file: config\config.yaml loaded successfully]
[2025-12-10 20:52:11,136 : INFO : common : yaml file: schema.yaml loaded successfully]
[2025-12-10 20:52:11,138 : INFO : common : created directory at: artifacts]
[2025-12-10 20:52:11,138 : INFO : common : created directory at: artifacts/data_validation]
[2025-12-10 20:52:11,167 : INFO : data_validation : validation completed]
[2025-12-10 20:52:11,169 : INFO : main : #### completed Data validation stage ####]
[2025-12-10 20:52:55,100 : INFO : main : #### Starting Data Ingestion ####]
[2025-12-10 20:52:55,100 : INFO : common : yaml file: config\config.yaml loaded successfully]
[2025-12-10 20:52:55,100 : INFO : common : yaml file: schema.yaml loaded successfully]
[2025-12-10 20:52:55,100 : INFO : common : created directory at: artifacts]
[2025-12-10 20:52:55,100 : INFO : common : created directory at: artifacts/data_ingestion]
[2025-12-10 20:52:55,100 : INFO : data_ingestion : Downloading data from https://drive.google.com/file/d/1_OU_E76YpZQGGZpLhQmT8qoqksDNn14p/view?usp=drive_link into file artifacts\data_ingestion\data.zip]
[2025-12-10 20:52:58,701 : INFO : data_ingestion : Downloaded data from https://drive.google.com/file/d/1_OU_E76YpZQGGZpLhQmT8qoqksDNn14p/view?usp=drive_link into file artifacts\data_ingestion\data.zip]
[2025-12-10 20:52:58,706 : INFO : main : #### completed Data Ingestion stage ####]
[2025-12-10 20:52:58,708 : INFO : main : #### Starting Data validation ####]
[2025-12-10 20:52:58,708 : INFO : common : yaml file: config\config.yaml loaded successfully]
[2025-12-10 20:52:58,714 : INFO : common : yaml file: schema.yaml loaded successfully]
[2025-12-10 20:52:58,715 : INFO : common : created directory at: artifacts]
[2025-12-10 20:52:58,715 : INFO : common : created directory at: artifacts/data_validation]
[2025-12-10 20:52:58,732 : INFO : data_validation : validation completed]
[2025-12-10 20:52:58,733 : INFO : main : #### completed Data validation stage ####]
